  % Total    % Received % Xferd  Average Speed   Time    Time     Time  Current
                                 Dload  Upload   Total   Spent    Left  Speed
  0     0    0     0    0     0      0      0 --:--:-- --:--:-- --:--:--     0100   270  100   270    0     0   1261      0 --:--:-- --:--:-- --:--:--  1261

WARNING: Can not proceed with installation. Kindly remove the '/home/ldraney/.pyenv' directory first.

Hit:1 http://archive.ubuntu.com/ubuntu focal InRelease
Hit:2 http://archive.ubuntu.com/ubuntu focal-updates InRelease
Hit:3 http://security.ubuntu.com/ubuntu focal-security InRelease
Hit:4 http://archive.ubuntu.com/ubuntu focal-backports InRelease
Reading package lists...
Reading package lists...
Building dependency tree...
Reading state information...
libbz2-dev is already the newest version (1.0.8-2).
libffi-dev is already the newest version (3.3-4).
libncursesw5-dev is already the newest version (6.2-0ubuntu2).
libreadline-dev is already the newest version (8.0-4).
libxmlsec1-dev is already the newest version (1.2.28-2).
make is already the newest version (4.2.1-1.2).
llvm is already the newest version (1:10.0-50~exp1).
tk-dev is already the newest version (8.6.9+1).
build-essential is already the newest version (12.8ubuntu1.1).
curl is already the newest version (7.68.0-1ubuntu2.14).
liblzma-dev is already the newest version (5.2.4-1ubuntu1.1).
libsqlite3-dev is already the newest version (3.31.1-4ubuntu0.4).
libssl-dev is already the newest version (1.1.1f-1ubuntu2.16).
libxml2-dev is already the newest version (2.9.10+dfsg-5ubuntu0.20.04.4).
wget is already the newest version (1.20.3-1ubuntu2).
xz-utils is already the newest version (5.2.4-1ubuntu1.1).
xz-utils set to manually installed.
zlib1g-dev is already the newest version (1:1.2.11.dfsg-2ubuntu1.5).
0 upgraded, 0 newly installed, 0 to remove and 146 not upgraded.
  % Total    % Received % Xferd  Average Speed   Time    Time     Time  Current
                                 Dload  Upload   Total   Spent    Left  Speed
  0     0    0     0    0     0      0      0 --:--:-- --:--:-- --:--:--     0100   270  100   270    0     0   1250      0 --:--:-- --:--:-- --:--:--  1244100   270  100   270    0     0   1250      0 --:--:-- --:--:-- --:--:--  1244

WARNING: Can not proceed with installation. Kindly remove the '/home/ldraney/.pyenv' directory first.

Hit:1 http://archive.ubuntu.com/ubuntu focal InRelease
Hit:2 http://archive.ubuntu.com/ubuntu focal-updates InRelease
Hit:3 http://archive.ubuntu.com/ubuntu focal-backports InRelease
Hit:4 http://security.ubuntu.com/ubuntu focal-security InRelease
Reading package lists...
Reading package lists...
Building dependency tree...
Reading state information...
libbz2-dev is already the newest version (1.0.8-2).
libffi-dev is already the newest version (3.3-4).
libncursesw5-dev is already the newest version (6.2-0ubuntu2).
libreadline-dev is already the newest version (8.0-4).
libxmlsec1-dev is already the newest version (1.2.28-2).
make is already the newest version (4.2.1-1.2).
llvm is already the newest version (1:10.0-50~exp1).
tk-dev is already the newest version (8.6.9+1).
build-essential is already the newest version (12.8ubuntu1.1).
curl is already the newest version (7.68.0-1ubuntu2.14).
liblzma-dev is already the newest version (5.2.4-1ubuntu1.1).
libsqlite3-dev is already the newest version (3.31.1-4ubuntu0.4).
libssl-dev is already the newest version (1.1.1f-1ubuntu2.16).
libxml2-dev is already the newest version (2.9.10+dfsg-5ubuntu0.20.04.4).
wget is already the newest version (1.20.3-1ubuntu2).
xz-utils is already the newest version (5.2.4-1ubuntu1.1).
zlib1g-dev is already the newest version (1:1.2.11.dfsg-2ubuntu1.5).
0 upgraded, 0 newly installed, 0 to remove and 146 not upgraded.
